This file contains any messages produced by compilers while
running configure, to aid debugging if configure makes a mistake.

It was created by configure, which was
generated by GNU Autoconf 2.68.  Invocation command line was

  $ ./configure --with-php-config=/opt/php/bin/php-config

## --------- ##
## Platform. ##
## --------- ##

hostname = niansong-VirtualBox
uname -m = i686
uname -r = 3.13.0-32-generic
uname -s = Linux
uname -v = #57~precise1-Ubuntu SMP Tue Jul 15 03:50:54 UTC 2014

/usr/bin/uname -p = unknown
/bin/uname -X     = unknown

/bin/arch              = unknown
/usr/bin/arch -k       = unknown
/usr/convex/getsysinfo = unknown
/usr/bin/hostinfo      = unknown
/bin/machine           = unknown
/usr/bin/oslevel       = unknown
/bin/universe          = unknown

PATH: /usr/local/sbin
PATH: /usr/local/bin
PATH: /usr/sbin
PATH: /usr/bin
PATH: /sbin
PATH: /bin
PATH: /usr/games
PATH: /opt/php/bin


## ----------- ##
## Core tests. ##
## ----------- ##

configure:2280: checking for grep that handles long lines and -e
configure:2338: result: /bin/grep
configure:2343: checking for egrep
configure:2405: result: /bin/grep -E
configure:2410: checking for a sed that does not truncate output
configure:2464: result: /bin/sed
configure:2596: checking for cc
configure:2612: found /usr/bin/cc
configure:2623: result: cc
configure:2654: checking for C compiler version
configure:2663: cc --version >&5
gcc-4.6.real (Ubuntu/Linaro 4.6.3-1ubuntu5) 4.6.3
Copyright (C) 2011 Free Software Foundation, Inc.
This is free software; see the source for copying conditions.  There is NO
warranty; not even for MERCHANTABILITY or FITNESS FOR A PARTICULAR PURPOSE.

configure:2674: $? = 0
configure:2663: cc -v >&5
Using built-in specs.
COLLECT_GCC=/usr/bin/gcc-4.6.real
COLLECT_LTO_WRAPPER=/usr/lib/gcc/i686-linux-gnu/4.6/lto-wrapper
Target: i686-linux-gnu
Configured with: ../src/configure -v --with-pkgversion='Ubuntu/Linaro 4.6.3-1ubuntu5' --with-bugurl=file:///usr/share/doc/gcc-4.6/README.Bugs --enable-languages=c,c++,fortran,objc,obj-c++ --prefix=/usr --program-suffix=-4.6 --enable-shared --enable-linker-build-id --with-system-zlib --libexecdir=/usr/lib --without-included-gettext --enable-threads=posix --with-gxx-include-dir=/usr/include/c++/4.6 --libdir=/usr/lib --enable-nls --with-sysroot=/ --enable-clocale=gnu --enable-libstdcxx-debug --enable-libstdcxx-time=yes --enable-gnu-unique-object --enable-plugin --enable-objc-gc --enable-targets=all --disable-werror --with-arch-32=i686 --with-tune=generic --enable-checking=release --build=i686-linux-gnu --host=i686-linux-gnu --target=i686-linux-gnu
Thread model: posix
gcc version 4.6.3 (Ubuntu/Linaro 4.6.3-1ubuntu5) 
configure:2674: $? = 0
configure:2663: cc -V >&5
gcc-4.6.real: error: unrecognized option '-V'
gcc-4.6.real: fatal error: no input files
compilation terminated.
configure:2674: $? = 4
configure:2663: cc -qversion >&5
gcc-4.6.real: error: unrecognized option '-qversion'
gcc-4.6.real: fatal error: no input files
compilation terminated.
configure:2674: $? = 4
configure:2694: checking whether the C compiler works
configure:2716: cc    conftest.c  >&5
configure:2720: $? = 0
configure:2768: result: yes
configure:2771: checking for C compiler default output file name
configure:2773: result: a.out
configure:2779: checking for suffix of executables
configure:2786: cc -o conftest    conftest.c  >&5
configure:2790: $? = 0
configure:2812: result: 
configure:2834: checking whether we are cross compiling
configure:2842: cc -o conftest    conftest.c  >&5
configure:2846: $? = 0
configure:2853: ./conftest
configure:2857: $? = 0
configure:2872: result: no
configure:2877: checking for suffix of object files
configure:2899: cc -c   conftest.c >&5
configure:2903: $? = 0
configure:2924: result: o
configure:2928: checking whether we are using the GNU C compiler
configure:2947: cc -c   conftest.c >&5
configure:2947: $? = 0
configure:2956: result: yes
configure:2965: checking whether cc accepts -g
configure:2985: cc -c -g  conftest.c >&5
configure:2985: $? = 0
configure:3026: result: yes
configure:3043: checking for cc option to accept ISO C89
configure:3107: cc  -c -g -O2  conftest.c >&5
configure:3107: $? = 0
configure:3120: result: none needed
configure:3146: checking how to run the C preprocessor
configure:3177: cc -E  conftest.c
configure:3177: $? = 0
configure:3191: cc -E  conftest.c
conftest.c:9:28: fatal error: ac_nonexistent.h: No such file or directory
compilation terminated.
configure:3191: $? = 1
configure: failed program was:
| /* confdefs.h */
| #define PACKAGE_NAME ""
| #define PACKAGE_TARNAME ""
| #define PACKAGE_VERSION ""
| #define PACKAGE_STRING ""
| #define PACKAGE_BUGREPORT ""
| #define PACKAGE_URL ""
| /* end confdefs.h.  */
| #include <ac_nonexistent.h>
configure:3216: result: cc -E
configure:3236: cc -E  conftest.c
configure:3236: $? = 0
configure:3250: cc -E  conftest.c
conftest.c:9:28: fatal error: ac_nonexistent.h: No such file or directory
compilation terminated.
configure:3250: $? = 1
configure: failed program was:
| /* confdefs.h */
| #define PACKAGE_NAME ""
| #define PACKAGE_TARNAME ""
| #define PACKAGE_VERSION ""
| #define PACKAGE_STRING ""
| #define PACKAGE_BUGREPORT ""
| #define PACKAGE_URL ""
| /* end confdefs.h.  */
| #include <ac_nonexistent.h>
configure:3281: checking for icc
configure:3290: result: no
configure:3304: checking for suncc
configure:3313: result: no
configure:3331: checking whether cc understands -c and -o together
configure:3359: cc -c conftest.c -o conftest2.o >&5
configure:3363: $? = 0
configure:3369: cc -c conftest.c -o conftest2.o >&5
configure:3373: $? = 0
configure:3428: result: yes
configure:3442: checking for system library directory
configure:3457: result: lib
configure:3464: checking if compiler supports -R
configure:3483: cc -o conftest -g -O2   conftest.c -R /usr/lib  >&5
gcc-4.6.real: error: unrecognized option '-R'
configure:3483: $? = 1
configure: failed program was:
| /* confdefs.h */
| #define PACKAGE_NAME ""
| #define PACKAGE_TARNAME ""
| #define PACKAGE_VERSION ""
| #define PACKAGE_STRING ""
| #define PACKAGE_BUGREPORT ""
| #define PACKAGE_URL ""
| /* end confdefs.h.  */
| 
| int
| main ()
| {
| 
|   ;
|   return 0;
| }
configure:3493: result: no
configure:3498: checking if compiler supports -Wl,-rpath,
configure:3517: cc -o conftest -g -O2   conftest.c -Wl,-rpath,/usr/lib  >&5
configure:3517: $? = 0
configure:3527: result: yes
configure:3572: checking build system type
configure:3586: result: i686-pc-linux-gnu
configure:3606: checking host system type
configure:3619: result: i686-pc-linux-gnu
configure:3639: checking target system type
configure:3652: result: i686-pc-linux-gnu
configure:3755: checking for PHP prefix
configure:3757: result: /opt/php
configure:3759: checking for PHP includes
configure:3761: result: -I/opt/php/include/php -I/opt/php/include/php/main -I/opt/php/include/php/TSRM -I/opt/php/include/php/Zend -I/opt/php/include/php/ext -I/opt/php/include/php/ext/date/lib
configure:3763: checking for PHP extension directory
configure:3765: result: /opt/php/lib/php/extensions/no-debug-non-zts-20121212
configure:3767: checking for PHP installed headers prefix
configure:3769: result: /opt/php/include/php
configure:3772: checking if debug is enabled
configure:3798: result: no
configure:3801: checking if zts is enabled
configure:3827: result: no
configure:3898: checking for re2c
configure:3914: found /usr/bin/re2c
configure:3925: result: re2c
configure:3934: checking for re2c version
configure:3948: result: 0.13.5 (ok)
configure:3967: checking for gawk
configure:3998: result: no
configure:3967: checking for nawk
configure:3984: found /usr/bin/nawk
configure:3995: result: nawk
configure:4018: checking if nawk is broken
configure:4025: result: no
configure:4041: checking for cpu_affinity support
configure:4081: result: yes, shared
configure:4091: checking whether to enable cpu_affinity support
configure:4130: result: yes, shared
configure:4142: checking for cpu_affinity files in default path
configure:4147: result: found in /usr/local
configure:4147: result: found in /usr
configure:4584: checking for ld used by cc
configure:4651: result: /usr/bin/ld
configure:4658: checking if the linker (/usr/bin/ld) is GNU ld
configure:4673: result: yes
configure:4678: checking for /usr/bin/ld option to reload object files
configure:4685: result: -r
configure:4703: checking for BSD-compatible nm
configure:4752: result: /usr/bin/nm -B
configure:4756: checking whether ln -s works
configure:4760: result: yes
configure:4767: checking how to recognize dependent libraries
configure:4953: result: pass_all
configure:5171: checking for ANSI C header files
configure:5191: cc -c -g -O2  conftest.c >&5
configure:5191: $? = 0
configure:5264: cc -o conftest -g -O2   conftest.c  >&5
configure:5264: $? = 0
configure:5264: ./conftest
configure:5264: $? = 0
configure:5275: result: yes
configure:5288: checking for sys/types.h
configure:5288: cc -c -g -O2  conftest.c >&5
configure:5288: $? = 0
configure:5288: result: yes
configure:5288: checking for sys/stat.h
configure:5288: cc -c -g -O2  conftest.c >&5
configure:5288: $? = 0
configure:5288: result: yes
configure:5288: checking for stdlib.h
configure:5288: cc -c -g -O2  conftest.c >&5
configure:5288: $? = 0
configure:5288: result: yes
configure:5288: checking for string.h
configure:5288: cc -c -g -O2  conftest.c >&5
configure:5288: $? = 0
configure:5288: result: yes
configure:5288: checking for memory.h
configure:5288: cc -c -g -O2  conftest.c >&5
configure:5288: $? = 0
configure:5288: result: yes
configure:5288: checking for strings.h
configure:5288: cc -c -g -O2  conftest.c >&5
configure:5288: $? = 0
configure:5288: result: yes
configure:5288: checking for inttypes.h
configure:5288: cc -c -g -O2  conftest.c >&5
configure:5288: $? = 0
configure:5288: result: yes
configure:5288: checking for stdint.h
configure:5288: cc -c -g -O2  conftest.c >&5
configure:5288: $? = 0
configure:5288: result: yes
configure:5288: checking for unistd.h
configure:5288: cc -c -g -O2  conftest.c >&5
configure:5288: $? = 0
configure:5288: result: yes
configure:5302: checking dlfcn.h usability
configure:5302: cc -c -g -O2  conftest.c >&5
configure:5302: $? = 0
configure:5302: result: yes
configure:5302: checking dlfcn.h presence
configure:5302: cc -E  conftest.c
configure:5302: $? = 0
configure:5302: result: yes
configure:5302: checking for dlfcn.h
configure:5302: result: yes
configure:5324: checking the maximum length of command line arguments
configure:5436: result: 1572864
configure:5448: checking command to parse /usr/bin/nm -B output from cc object
configure:5553: cc -c -g -O2  conftest.c >&5
configure:5556: $? = 0
configure:5560: /usr/bin/nm -B conftest.o \| sed -n -e 's/^.*[ 	]\([ABCDGIRSTW][ABCDGIRSTW]*\)[ 	][ 	]*\([_A-Za-z][_A-Za-z0-9]*\)$/\1 \2 \2/p' \> conftest.nm
configure:5563: $? = 0
configure:5615: cc -o conftest -g -O2   conftest.c conftstm.o >&5
configure:5618: $? = 0
configure:5656: result: ok
configure:5660: checking for objdir
configure:5675: result: .libs
configure:5767: checking for ar
configure:5783: found /usr/bin/ar
configure:5794: result: ar
configure:5859: checking for ranlib
configure:5875: found /usr/bin/ranlib
configure:5886: result: ranlib
configure:5951: checking for strip
configure:5967: found /usr/bin/strip
configure:5978: result: strip
configure:6547: checking if cc supports -fno-rtti -fno-exceptions
configure:6565: cc -c -g -O2  -fno-rtti -fno-exceptions conftest.c >&5
cc1: warning: command line option '-fno-rtti' is valid for C++/ObjC++ but not for C [enabled by default]
configure:6569: $? = 0
configure:6582: result: no
configure:6597: checking for cc option to produce PIC
configure:6837: result: -fPIC
configure:6845: checking if cc PIC flag -fPIC works
configure:6863: cc -c -g -O2  -fPIC -DPIC conftest.c >&5
configure:6867: $? = 0
configure:6880: result: yes
configure:6908: checking if cc static flag -static works
configure:6936: result: yes
configure:6946: checking if cc supports -c -o file.o
configure:6967: cc -c -g -O2  -o out/conftest2.o conftest.c >&5
configure:6971: $? = 0
configure:6993: result: yes
configure:7019: checking whether the cc linker (/usr/bin/ld) supports shared libraries
configure:7947: result: yes
configure:7968: checking whether -lc should be explicitly linked in
configure:7973: cc -c -g -O2  conftest.c >&5
configure:7976: $? = 0
configure:7991: cc -shared conftest.o  -v -Wl,-soname -Wl,conftest -o conftest 2\>\&1 \| grep  -lc  \>/dev/null 2\>\&1
configure:7994: $? = 0
configure:8006: result: no
configure:8014: checking dynamic linker characteristics
configure:8612: result: GNU/Linux ld.so
configure:8636: checking how to hardcode library paths into programs
configure:8661: result: immediate
configure:8675: checking whether stripping libraries is possible
configure:8680: result: yes
configure:9197: checking if libtool supports shared libraries
configure:9199: result: yes
configure:9202: checking whether to build shared libraries
configure:9223: result: yes
configure:9226: checking whether to build static libraries
configure:9230: result: no
configure:9325: result:
creating libtool
configure:13024: creating ./config.status

## ---------------------- ##
## Running config.status. ##
## ---------------------- ##

This file was extended by config.status, which was
generated by GNU Autoconf 2.68.  Invocation command line was

  CONFIG_FILES    = 
  CONFIG_HEADERS  = 
  CONFIG_LINKS    = 
  CONFIG_COMMANDS = 
  $ ./config.status 

on niansong-VirtualBox

config.status:688: creating config.h
config.status:778: config.h is unchanged

## ---------------- ##
## Cache variables. ##
## ---------------- ##

ac_cv_build=i686-pc-linux-gnu
ac_cv_c_compiler_gnu=yes
ac_cv_env_CC_set=
ac_cv_env_CC_value=
ac_cv_env_CFLAGS_set=
ac_cv_env_CFLAGS_value=
ac_cv_env_CPPFLAGS_set=
ac_cv_env_CPPFLAGS_value=
ac_cv_env_CPP_set=
ac_cv_env_CPP_value=
ac_cv_env_LDFLAGS_set=
ac_cv_env_LDFLAGS_value=
ac_cv_env_LIBS_set=
ac_cv_env_LIBS_value=
ac_cv_env_build_alias_set=
ac_cv_env_build_alias_value=
ac_cv_env_host_alias_set=
ac_cv_env_host_alias_value=
ac_cv_env_target_alias_set=
ac_cv_env_target_alias_value=
ac_cv_header_dlfcn_h=yes
ac_cv_header_inttypes_h=yes
ac_cv_header_memory_h=yes
ac_cv_header_stdc=yes
ac_cv_header_stdint_h=yes
ac_cv_header_stdlib_h=yes
ac_cv_header_string_h=yes
ac_cv_header_strings_h=yes
ac_cv_header_sys_stat_h=yes
ac_cv_header_sys_types_h=yes
ac_cv_header_unistd_h=yes
ac_cv_host=i686-pc-linux-gnu
ac_cv_objext=o
ac_cv_path_EGREP='/bin/grep -E'
ac_cv_path_GREP=/bin/grep
ac_cv_prog_AWK=nawk
ac_cv_prog_CPP='cc -E'
ac_cv_prog_RE2C=re2c
ac_cv_prog_ac_ct_AR=ar
ac_cv_prog_ac_ct_CC=cc
ac_cv_prog_ac_ct_RANLIB=ranlib
ac_cv_prog_ac_ct_STRIP=strip
ac_cv_prog_cc_c89=
ac_cv_prog_cc_cc_c_o=yes
ac_cv_prog_cc_g=yes
ac_cv_target=i686-pc-linux-gnu
lt_cv_deplibs_check_method=pass_all
lt_cv_file_magic_cmd='$MAGIC_CMD'
lt_cv_file_magic_test_file=
lt_cv_ld_reload_flag=-r
lt_cv_objdir=.libs
lt_cv_path_LD=/usr/bin/ld
lt_cv_path_NM='/usr/bin/nm -B'
lt_cv_path_SED=/bin/sed
lt_cv_prog_compiler_c_o=yes
lt_cv_prog_compiler_pic_works=yes
lt_cv_prog_compiler_rtti_exceptions=no
lt_cv_prog_compiler_static_works=yes
lt_cv_prog_gnu_ld=yes
lt_cv_sys_global_symbol_pipe='sed -n -e '\''s/^.*[ 	]\([ABCDGIRSTW][ABCDGIRSTW]*\)[ 	][ 	]*\([_A-Za-z][_A-Za-z0-9]*\)$/\1 \2 \2/p'\'''
lt_cv_sys_global_symbol_to_c_name_address='sed -n -e '\''s/^: \([^ ]*\) $/  {\"\1\", (lt_ptr) 0},/p'\'' -e '\''s/^[BCDEGRST] \([^ ]*\) \([^ ]*\)$/  {"\2", (lt_ptr) \&\2},/p'\'''
lt_cv_sys_global_symbol_to_cdecl='sed -n -e '\''s/^. .* \(.*\)$/extern int \1;/p'\'''
lt_cv_sys_lib_dlsearch_path_spec='/lib /usr/lib /usr/lib/i386-linux-gnu/mesa-egl /usr/lib/i386-linux-gnu/mesa /lib/i386-linux-gnu /usr/lib/i386-linux-gnu /lib/i686-linux-gnu /usr/lib/i686-linux-gnu /usr/local/lib '
lt_cv_sys_lib_search_path_spec='/usr/lib/gcc/i686-linux-gnu/4.6 /usr/lib/i386-linux-gnu /usr/lib /lib/i386-linux-gnu /lib'
lt_cv_sys_max_cmd_len=1572864
lt_lt_cv_prog_compiler_c_o='"yes"'
lt_lt_cv_sys_global_symbol_pipe='"sed -n -e '\''s/^.*[ 	]\\([ABCDGIRSTW][ABCDGIRSTW]*\\)[ 	][ 	]*\\([_A-Za-z][_A-Za-z0-9]*\\)\$/\\1 \\2 \\2/p'\''"'
lt_lt_cv_sys_global_symbol_to_c_name_address='"sed -n -e '\''s/^: \\([^ ]*\\) \$/  {\\\"\\1\\\", (lt_ptr) 0},/p'\'' -e '\''s/^[BCDEGRST] \\([^ ]*\\) \\([^ ]*\\)\$/  {\"\\2\", (lt_ptr) \\&\\2},/p'\''"'
lt_lt_cv_sys_global_symbol_to_cdecl='"sed -n -e '\''s/^. .* \\(.*\\)\$/extern int \\1;/p'\''"'
php_cv_cc_dashr=no
php_cv_cc_rpath=yes
php_cv_re2c_version='0.13.5 (ok)'

## ----------------- ##
## Output variables. ##
## ----------------- ##

AR='ar'
AWK='nawk'
CC='cc'
CFLAGS='-g -O2'
CONFIGURE_COMMAND=' '\''./configure'\''  '\''--with-php-config=/opt/php/bin/php-config'\'''
CONFIGURE_OPTIONS=' '\''--with-php-config=/opt/php/bin/php-config'\'''
CPP='cc -E'
CPPFLAGS=' -DHAVE_CONFIG_H'
DEFS='-DHAVE_CONFIG_H'
DSYMUTIL=''
ECHO='echo'
ECHO_C=''
ECHO_N='-n'
ECHO_T=''
EGREP='/bin/grep -E'
EXEEXT=''
GREP='/bin/grep'
LDFLAGS=''
LIBOBJS=''
LIBS=''
LIBTOOL='$(SHELL) $(top_builddir)/libtool'
LN_S='ln -s'
LTLIBOBJS=''
NMEDIT=''
OBJEXT='o'
PACKAGE_BUGREPORT=''
PACKAGE_NAME=''
PACKAGE_STRING=''
PACKAGE_TARNAME=''
PACKAGE_URL=''
PACKAGE_VERSION=''
PATH_SEPARATOR=':'
RANLIB='ranlib'
RE2C='re2c'
SED='/bin/sed'
SHELL='/bin/bash'
SHLIB_DL_SUFFIX_NAME='so'
SHLIB_SUFFIX_NAME='so'
STRIP='strip'
ac_ct_CC='cc'
bindir='${exec_prefix}/bin'
build='i686-pc-linux-gnu'
build_alias=''
build_cpu='i686'
build_os='linux-gnu'
build_vendor='pc'
datadir='${datarootdir}'
datarootdir='${prefix}/share'
docdir='${datarootdir}/doc/${PACKAGE}'
dvidir='${docdir}'
exec_prefix='$(prefix)'
host='i686-pc-linux-gnu'
host_alias='i686-pc-linux-gnu'
host_cpu='i686'
host_os='linux-gnu'
host_vendor='pc'
htmldir='${docdir}'
includedir='${prefix}/include'
infodir='${datarootdir}/info'
libdir='${exec_prefix}/lib'
libexecdir='${exec_prefix}/libexec'
localedir='${datarootdir}/locale'
localstatedir='${prefix}/var'
mandir='${datarootdir}/man'
oldincludedir='/usr/include'
pdfdir='${docdir}'
prefix='/opt/php'
program_transform_name='s,x,x,'
psdir='${docdir}'
sbindir='${exec_prefix}/sbin'
sharedstatedir='${prefix}/com'
sysconfdir='${prefix}/etc'
target='i686-pc-linux-gnu'
target_alias=''
target_cpu='i686'
target_os='linux-gnu'
target_vendor='pc'

## ----------- ##
## confdefs.h. ##
## ----------- ##

/* confdefs.h */
#define PACKAGE_NAME ""
#define PACKAGE_TARNAME ""
#define PACKAGE_VERSION ""
#define PACKAGE_STRING ""
#define PACKAGE_BUGREPORT ""
#define PACKAGE_URL ""
#define COMPILE_DL_CPU_AFFINITY 1
#define STDC_HEADERS 1
#define HAVE_SYS_TYPES_H 1
#define HAVE_SYS_STAT_H 1
#define HAVE_STDLIB_H 1
#define HAVE_STRING_H 1
#define HAVE_MEMORY_H 1
#define HAVE_STRINGS_H 1
#define HAVE_INTTYPES_H 1
#define HAVE_STDINT_H 1
#define HAVE_UNISTD_H 1
#define HAVE_DLFCN_H 1

configure: exit 0
